<?xml version="1.0" encoding="UTF-8"?>
<!-- Generated by org.testng.reporters.JUnitReportReporter -->
<testsuite hostname="LAPTOP-1BLM5OS8" failures="0" tests="1" name="pos.scripts.DemoTest" time="7.225" errors="0" timestamp="26 Jun 2023 10:20:35 GMT" skipped="0">
  <testcase classname="pos.scripts.DemoTest" name="tesA" time="7.225"/>
</testsuite> <!-- pos.scripts.DemoTest -->
