<?xml version="1.0" encoding="UTF-8"?>
<!-- Generated by org.testng.reporters.JUnitReportReporter -->
<testsuite hostname="LAPTOP-1BLM5OS8" failures="0" tests="1" name="pos.scripts.test" time="0.015" errors="0" timestamp="26 Jun 2023 07:07:33 GMT" skipped="0">
  <testcase classname="pos.scripts.test" name="tesA" time="0.015"/>
</testsuite> <!-- pos.scripts.test -->
